<?xml version="1.0" encoding="UTF-8"?>
<testsuite name="HelloWorldTest" tests="3" skipped="0" failures="0" errors="0" timestamp="2020-08-03T04:36:09" hostname="THRL-1190" time="0.008">
  <properties/>
  <testcase name="sayHi_with_Somkiat_should_return_Hello_Somkiat" classname="HelloWorldTest" time="0.007"/>
  <testcase name="sayHi_should_return_Hello_World" classname="HelloWorldTest" time="0.0"/>
  <testcase name="sayHi_with_Pui_should_return_Hello_Pui" classname="HelloWorldTest" time="0.0"/>
  <system-out><![CDATA[]]></system-out>
  <system-err><![CDATA[]]></system-err>
</testsuite>
